\BOOKMARK [1][-]{section.1}{\376\377\145\160\143\156\176\323\147\204}{}% 1
\BOOKMARK [2][-]{subsection.1.1}{\376\377\173\033\123\141\134\024\150\021}{section.1}% 2
\BOOKMARK [2][-]{subsection.1.2}{\376\377\000L\000i\000n\000k\000-\000C\000u\000t\000\040\000T\000r\000e\000e}{section.1}% 3
\BOOKMARK [2][-]{subsection.1.3}{\376\377\147\116\215\205\176\277\153\265\150\021}{section.1}% 4
\BOOKMARK [2][-]{subsection.1.4}{\376\377\123\357\143\001\116\105\123\026\176\277\153\265\150\021}{section.1}% 5
\BOOKMARK [2][-]{subsection.1.5}{\376\377\123\072\225\364\131\004\164\006}{section.1}% 6
\BOOKMARK [2][-]{subsection.1.6}{\376\377\127\006\145\271\150\021}{section.1}% 7
\BOOKMARK [2][-]{subsection.1.7}{\376\377\176\277\153\265\150\021}{section.1}% 8
\BOOKMARK [2][-]{subsection.1.8}{\376\377\000T\000r\000e\000a\000p}{section.1}% 9
\BOOKMARK [2][-]{subsection.1.9}{\376\377\000T\000r\000i\000e}{section.1}% 10
\BOOKMARK [2][-]{subsection.1.10}{\376\377\206\132\150\021}{section.1}% 11
\BOOKMARK [1][-]{section.2}{\376\377\123\132\137\010}{}% 12
\BOOKMARK [2][-]{subsection.2.1}{\376\377\126\375\226\105\214\141\150\313}{section.2}% 13
\BOOKMARK [2][-]{subsection.2.2}{\376\377\000N\000i\000m\000b\000e\000r}{section.2}% 14
\BOOKMARK [2][-]{subsection.2.3}{\376\377\116\000\202\054\123\132\137\010}{section.2}% 15
\BOOKMARK [1][-]{section.3}{\376\377\126\376\213\272}{}% 16
\BOOKMARK [2][-]{subsection.3.1}{\376\377\160\271\122\006\150\021}{section.3}% 17
\BOOKMARK [2][-]{subsection.3.2}{\376\377\150\021\224\376\122\126\122\006}{section.3}% 18
\BOOKMARK [2][-]{subsection.3.3}{\376\377\215\071\165\050\155\101}{section.3}% 19
\BOOKMARK [2][-]{subsection.3.4}{\376\377\160\271\122\006\150\021}{section.3}% 20
\BOOKMARK [2][-]{subsection.3.5}{\376\377\137\072\217\336\220\032\122\006\221\317\122\006\211\343}{section.3}% 21
\BOOKMARK [2][-]{subsection.3.6}{\376\377\142\323\142\121\143\222\136\217}{section.3}% 22
\BOOKMARK [2][-]{subsection.3.7}{\376\377\116\214\122\006\126\376\123\071\221\115}{section.3}% 23
\BOOKMARK [2][-]{subsection.3.8}{\376\377\147\000\131\047\155\101}{section.3}% 24
\BOOKMARK [2][-]{subsection.3.9}{\376\377\143\142\150\071\000D\000P}{section.3}% 25
\BOOKMARK [2][-]{subsection.3.10}{\376\377\150\021\124\310\136\014}{section.3}% 26
\BOOKMARK [1][-]{section.4}{\376\377\145\160\133\146}{}% 27
\BOOKMARK [2][-]{subsection.4.1}{\376\377\145\160\213\272\122\006\127\127}{section.4}% 28
\BOOKMARK [2][-]{subsection.4.2}{\376\377\000F\000W\000T}{section.4}% 29
\BOOKMARK [2][-]{subsection.4.3}{\376\377\232\330\145\257\155\210\121\103}{section.4}% 30
\BOOKMARK [2][-]{subsection.4.4}{\376\377\000M\000i\000n\0002\0005\173\133}{section.4}% 31
\BOOKMARK [2][-]{subsection.4.5}{\376\377\000P\000o\000l\000l\000a\000r\000d\040\024}{section.4}% 32
\BOOKMARK [2][-]{subsection.4.6}{\376\377\131\032\230\171\137\017}{section.4}% 33
\BOOKMARK [2][-]{subsection.4.7}{\376\377\000G\000C\000D}{section.4}% 34
\BOOKMARK [1][-]{section.5}{\376\377\133\127\173\046\116\062}{}% 35
\BOOKMARK [2][-]{subsection.5.1}{\376\377\124\310\136\014}{section.5}% 36
\BOOKMARK [2][-]{subsection.5.2}{\376\377\000K\000M\000P}{section.5}% 37
\BOOKMARK [2][-]{subsection.5.3}{\376\377\124\016\177\000\201\352\122\250\147\072}{section.5}% 38
\BOOKMARK [2][-]{subsection.5.4}{\376\377\133\127\121\170\150\021}{section.5}% 39
\BOOKMARK [1][-]{section.6}{\376\377\213\241\173\227\121\340\117\125}{}% 40
\BOOKMARK [2][-]{subsection.6.1}{\376\377\116\011\176\364\213\241\173\227\121\340\117\125}{section.6}% 41
\BOOKMARK [2][-]{subsection.6.2}{\376\377\127\006\121\370\123\005}{section.6}% 42
\BOOKMARK [2][-]{subsection.6.3}{\376\377\121\370\123\005}{section.6}% 43
\BOOKMARK [2][-]{subsection.6.4}{\376\377\142\153\143\317\176\277}{section.6}% 44
\BOOKMARK [1][-]{section.7}{\376\377\147\102\230\171}{}% 45
\BOOKMARK [2][-]{subsection.7.1}{\376\377\226\217\147\072\145\160\165\037\142\020}{section.7}% 46
\BOOKMARK [2][-]{subsection.7.2}{\376\377\000S\000T\000L\133\271\126\150\000+\000L\000a\000m\000b\000d\000a}{section.7}% 47
\BOOKMARK [2][-]{subsection.7.3}{\376\377\133\120\226\306\147\232\116\076}{section.7}% 48
\BOOKMARK [2][-]{subsection.7.4}{\376\377\116\214\230\171\137\017\123\315\157\024}{section.7}% 49
\BOOKMARK [2][-]{subsection.7.5}{\376\377\203\253\153\324\116\114\145\257\123\315\157\024}{section.7}% 50
\BOOKMARK [2][-]{subsection.7.6}{\376\377\133\271\145\245\123\237\164\006}{section.7}% 51
\BOOKMARK [2][-]{subsection.7.7}{\376\377\000M\000i\000n\000-\000M\000a\000x\000\040\133\271\145\245}{section.7}% 52
